::1 - - [03/Jul/2017:20:30:01 +0200] "GET /phpmyadmin HTTP/1.1" 301 241
::1 - - [03/Jul/2017:20:30:01 +0200] "GET /phpmyadmin/ HTTP/1.1" 200 8192
::1 - - [03/Jul/2017:20:30:04 +0200] "GET /phpmyadmin/js/get_scripts.js.php?scripts[]=jquery/jquery-1.8.3.js&scripts[]=ajax.js&scripts[]=keyhandler.js&scripts[]=jquery/jquery-ui-1.9.2.custom.js&scripts[]=jquery/jquery.sprintf.js&scripts[]=jquery/jquery.cookie.js&scripts[]=jquery/jquery.mousewheel.js&scripts[]=jquery/jquery.event.drag-2.2.js&scripts[]=jquery/jquery-ui-timepicker-addon.js&scripts[]=jquery/jquery.ba-hashchange-1.3.js&scripts[]=jquery/jquery.debounce-1.0.5.js&scripts[]=jquery/jquery.menuResizer-1.0.js&scripts[]=rte.js&scripts[]=functions.js&scripts[]=navigation.js&scripts[]=indexes.js&scripts[]=common.js&scripts[]=codemirror/lib/codemirror.js&scripts[]=codemirror/mode/mysql/mysql.js HTTP/1.1" 200 578621
::1 - - [03/Jul/2017:20:30:04 +0200] "GET /phpmyadmin/phpmyadmin.css.php?server=1&token=08422be06918ba6f0f17a63945c83ed5&nocache=4373163779ltr HTTP/1.1" 200 92653
::1 - - [03/Jul/2017:20:30:04 +0200] "GET /phpmyadmin/js/get_image.js.php?theme=pmahomme HTTP/1.1" 200 6364
::1 - - [03/Jul/2017:20:30:05 +0200] "GET /phpmyadmin/themes/pmahomme/img/logo_right.png HTTP/1.1" 200 4548
::1 - - [03/Jul/2017:20:30:05 +0200] "GET /phpmyadmin/themes/dot.gif HTTP/1.1" 200 43
::1 - - [03/Jul/2017:20:30:04 +0200] "GET /phpmyadmin/js/messages.php?lang=nl&db=&server=0&token=08422be06918ba6f0f17a63945c83ed5 HTTP/1.1" 200 18199
::1 - - [03/Jul/2017:20:30:06 +0200] "GET /phpmyadmin/themes/pmahomme/img/sprites.png HTTP/1.1" 200 61899
::1 - - [03/Jul/2017:20:30:08 +0200] "POST /phpmyadmin/index.php HTTP/1.1" 302 -
::1 - - [03/Jul/2017:20:30:08 +0200] "GET /phpmyadmin/index.php?token=08422be06918ba6f0f17a63945c83ed5 HTTP/1.1" 200 8168
::1 - - [03/Jul/2017:20:30:10 +0200] "GET /phpmyadmin/phpmyadmin.css.php?server=1&token=08422be06918ba6f0f17a63945c83ed5&nocache=4497263854ltr HTTP/1.1" 200 92653
::1 - - [03/Jul/2017:20:30:14 +0200] "POST /phpmyadmin/index.php HTTP/1.1" 302 -
::1 - - [03/Jul/2017:20:30:14 +0200] "GET /phpmyadmin/index.php?token=08422be06918ba6f0f17a63945c83ed5 HTTP/1.1" 200 8168
::1 - - [03/Jul/2017:20:30:18 +0200] "POST /phpmyadmin/index.php HTTP/1.1" 302 -
::1 - - [03/Jul/2017:20:30:19 +0200] "GET /phpmyadmin/index.php?token=08422be06918ba6f0f17a63945c83ed5 HTTP/1.1" 200 8168
::1 - - [03/Jul/2017:20:30:35 +0200] "POST /phpmyadmin/index.php HTTP/1.1" 302 -
::1 - - [03/Jul/2017:20:30:35 +0200] "GET /phpmyadmin/index.php?token=08422be06918ba6f0f17a63945c83ed5 HTTP/1.1" 200 8168
::1 - - [03/Jul/2017:20:30:58 +0200] "POST /phpmyadmin/index.php HTTP/1.1" 302 -
::1 - - [03/Jul/2017:20:30:58 +0200] "GET /phpmyadmin/index.php?token=08422be06918ba6f0f17a63945c83ed5 HTTP/1.1" 200 45318
::1 - - [03/Jul/2017:20:31:01 +0200] "GET /phpmyadmin/themes/pmahomme/img/logo_left.png HTTP/1.1" 200 2327
::1 - - [03/Jul/2017:20:31:01 +0200] "GET /phpmyadmin/themes/pmahomme/img/ajax_clock_small.gif HTTP/1.1" 200 1810
::1 - - [03/Jul/2017:20:31:00 +0200] "GET /phpmyadmin/phpmyadmin.css.php?server=1&token=08422be06918ba6f0f17a63945c83ed5&nocache=5996351054ltr HTTP/1.1" 200 92653
::1 - - [03/Jul/2017:20:31:01 +0200] "GET /phpmyadmin/themes/pmahomme/img/left_nav_bg.png HTTP/1.1" 200 297
::1 - - [03/Jul/2017:20:31:01 +0200] "GET /phpmyadmin/version_check.php?&_nocache=1499106661468185527 HTTP/1.1" 200 39
::1 - - [03/Jul/2017:20:31:04 +0200] "GET /phpmyadmin/db_structure.php?server=1&db=care2deliver&token=08422be06918ba6f0f17a63945c83ed5&ajax_request=true&ajax_page_request=true&menuHashes=560defcc&_nocache=1499106664000323708 HTTP/1.1" 200 24545
::1 - - [03/Jul/2017:20:31:04 +0200] "GET /phpmyadmin/themes/pmahomme/img/arrow_ltr.png HTTP/1.1" 200 139
::1 - - [03/Jul/2017:20:31:04 +0200] "GET /phpmyadmin/js/get_scripts.js.php?scripts[]=db_structure.js&scripts[]=tbl_change.js HTTP/1.1" 200 12382
::1 - - [03/Jul/2017:20:31:10 +0200] "GET /phpmyadmin/sql.php?db=care2deliver&token=08422be06918ba6f0f17a63945c83ed5&goto=db_structure.php&table=tblgeneratedtables&pos=0&ajax_request=true&ajax_page_request=true&menuHashes=560defcc-423c37a9&_nocache=1499106669999862120 HTTP/1.1" 200 37914
::1 - - [03/Jul/2017:20:31:10 +0200] "GET /phpmyadmin/themes/pmahomme/img/s_fulltext.png HTTP/1.1" 200 193
::1 - - [03/Jul/2017:20:31:10 +0200] "GET /phpmyadmin/js/get_scripts.js.php?scripts[]=tbl_structure.js&scripts[]=gis_data_editor.js&scripts[]=makegrid.js&scripts[]=sql.js HTTP/1.1" 200 50287
::1 - - [03/Jul/2017:20:31:10 +0200] "GET /phpmyadmin/themes/pmahomme/img/col_pointer.png HTTP/1.1" 200 113
::1 - - [03/Jul/2017:20:31:10 +0200] "GET /phpmyadmin/index.php?ajax_request=1&recent_table=1&token=08422be06918ba6f0f17a63945c83ed5 HTTP/1.1" 200 247
::1 - - [03/Jul/2017:20:31:16 +0200] "GET /phpmyadmin/db_structure.php?server=1&db=care2deliver&token=08422be06918ba6f0f17a63945c83ed5&ajax_request=true&ajax_page_request=true&menuHashes=560defcc-423c37a9-b9cf547d&_nocache=1499106676489110794 HTTP/1.1" 200 21324
